2018-04-26 11:10:11,463 [restartedMain] INFO  com.liaojun.webadmin.WebAppApplication:50 - Starting WebAppApplication on LAPTOP-EJ0J9VCA with PID 19596 (C:\Users\liaowwsh\Documents\GitHub\yingfu\webadmin\target\classes started by liaowwsh in C:\Users\liaowwsh\Documents\GitHub\yingfu)
2018-04-26 11:10:11,487 [restartedMain] INFO  com.liaojun.webadmin.WebAppApplication:652 - No active profile set, falling back to default profiles: default
2018-04-26 11:10:11,661 [restartedMain] INFO  o.s.b.w.s.c.AnnotationConfigServletWebServerApplicationContext:589 - Refreshing org.springframework.boot.web.servlet.context.AnnotationConfigServletWebServerApplicationContext@2bad813c: startup date [Thu Apr 26 11:10:11 CST 2018]; root of context hierarchy
2018-04-26 11:10:16,520 [restartedMain] INFO  o.s.c.s.PostProcessorRegistrationDelegate$BeanPostProcessorChecker:328 - Bean 'org.springframework.transaction.annotation.ProxyTransactionManagementConfiguration' of type [org.springframework.transaction.annotation.ProxyTransactionManagementConfiguration$$EnhancerBySpringCGLIB$$db229354] is not eligible for getting processed by all BeanPostProcessors (for example: not eligible for auto-proxying)
2018-04-26 11:10:17,262 [restartedMain] INFO  o.s.boot.web.embedded.tomcat.TomcatWebServer:91 - Tomcat initialized with port(s): 80 (http)
2018-04-26 11:10:17,287 [restartedMain] INFO  org.apache.coyote.http11.Http11NioProtocol:180 - Initializing ProtocolHandler ["http-nio-80"]
2018-04-26 11:10:17,310 [restartedMain] INFO  org.apache.catalina.core.StandardService:180 - Starting service [Tomcat]
2018-04-26 11:10:17,310 [restartedMain] INFO  org.apache.catalina.core.StandardEngine:180 - Starting Servlet Engine: Apache Tomcat/8.5.28
2018-04-26 11:10:17,316 [localhost-startStop-1] INFO  org.apache.catalina.core.AprLifecycleListener:180 - The APR based Apache Tomcat Native library which allows optimal performance in production environments was not found on the java.library.path: [C:\Program Files\Java\jdk1.8.0_161\bin;C:\Windows\Sun\Java\bin;C:\Windows\system32;C:\Windows;C:\app\liaowwsh\product\11.2.0\dbhome_1\bin;C:\ProgramData\Oracle\Java\javapath;C:\Program Files (x86)\Intel\iCLS Client\;C:\Program Files\Intel\iCLS Client\;C:\Windows\system32;C:\Windows;C:\Windows\System32\Wbem;C:\Windows\System32\WindowsPowerShell\v1.0\;C:\Program Files\Intel\WiFi\bin\;C:\Program Files\Common Files\Intel\WirelessCommon\;C:\Program Files (x86)\Intel\Intel(R) Management Engine Components\DAL;C:\Program Files\Intel\Intel(R) Management Engine Components\DAL;C:\Program Files (x86)\Intel\Intel(R) Management Engine Components\IPT;C:\Program Files\Intel\Intel(R) Management Engine Components\IPT;C:\Program Files\MySQL\MySQL Server 5.7\bin;C:\Program Files\Git\cmd;C:\Program Files\Git\mingw64\bin;C:\Program Files\Git\usr\bin;C:\Users\liaowwsh\AppData\Local\Microsoft\WindowsApps;C:\Users\liaowwsh\AppData\Local\GitHubDesktop\bin;.]
2018-04-26 11:10:17,596 [localhost-startStop-1] INFO  o.a.c.core.ContainerBase.[Tomcat].[localhost].[/]:180 - Initializing Spring embedded WebApplicationContext
2018-04-26 11:10:17,597 [localhost-startStop-1] INFO  org.springframework.web.context.ContextLoader:285 - Root WebApplicationContext: initialization completed in 5936 ms
2018-04-26 11:10:17,919 [localhost-startStop-1] INFO  o.s.boot.web.servlet.ServletRegistrationBean:185 - Servlet dispatcherServlet mapped to [/]
2018-04-26 11:10:17,930 [localhost-startStop-1] INFO  o.s.boot.web.servlet.FilterRegistrationBean:243 - Mapping filter: 'characterEncodingFilter' to: [/*]
2018-04-26 11:10:17,931 [localhost-startStop-1] INFO  o.s.boot.web.servlet.FilterRegistrationBean:243 - Mapping filter: 'hiddenHttpMethodFilter' to: [/*]
2018-04-26 11:10:17,931 [localhost-startStop-1] INFO  o.s.boot.web.servlet.FilterRegistrationBean:243 - Mapping filter: 'httpPutFormContentFilter' to: [/*]
2018-04-26 11:10:17,931 [localhost-startStop-1] INFO  o.s.boot.web.servlet.FilterRegistrationBean:243 - Mapping filter: 'requestContextFilter' to: [/*]
2018-04-26 11:10:19,972 [restartedMain] INFO  o.s.w.s.m.m.a.RequestMappingHandlerAdapter:567 - Looking for @ControllerAdvice: org.springframework.boot.web.servlet.context.AnnotationConfigServletWebServerApplicationContext@2bad813c: startup date [Thu Apr 26 11:10:11 CST 2018]; root of context hierarchy
2018-04-26 11:10:20,092 [restartedMain] INFO  o.s.w.s.m.m.a.RequestMappingHandlerMapping:548 - Mapped "{[/customer/customer/list.html]}" onto public java.lang.String com.liaojun.webadmin.web.customer.controller.CustomerContrller.tocustomerList()
2018-04-26 11:10:20,096 [restartedMain] INFO  o.s.w.s.m.m.a.RequestMappingHandlerMapping:548 - Mapped "{[/customer/customer/list]}" onto public java.lang.String com.liaojun.webadmin.web.customer.controller.CustomerContrller.productSkuList(com.liaojun.component.web.model.ApiQueryRequest)
2018-04-26 11:10:20,097 [restartedMain] INFO  o.s.w.s.m.m.a.RequestMappingHandlerMapping:548 - Mapped "{[/]}" onto public java.lang.String com.liaojun.webadmin.web.index.controller.IndexController.index(org.springframework.ui.Model)
2018-04-26 11:10:20,097 [restartedMain] INFO  o.s.w.s.m.m.a.RequestMappingHandlerMapping:548 - Mapped "{[/main.html]}" onto public java.lang.String com.liaojun.webadmin.web.index.controller.IndexController.main(org.springframework.ui.Model)
2018-04-26 11:10:20,099 [restartedMain] INFO  o.s.w.s.m.m.a.RequestMappingHandlerMapping:548 - Mapped "{[/product/productSku/update]}" onto public com.liaojun.component.base.common.model.Result com.liaojun.webadmin.web.product.controller.ProductSkuController.update(com.liaojun.component.web.model.ApiRequest)
2018-04-26 11:10:20,100 [restartedMain] INFO  o.s.w.s.m.m.a.RequestMappingHandlerMapping:548 - Mapped "{[/product/productSku/delete]}" onto public com.liaojun.component.base.common.model.Result com.liaojun.webadmin.web.product.controller.ProductSkuController.delete(com.liaojun.component.web.model.ApiRequest)
2018-04-26 11:10:20,100 [restartedMain] INFO  o.s.w.s.m.m.a.RequestMappingHandlerMapping:548 - Mapped "{[/product/productSku/detail.html]}" onto public java.lang.String com.liaojun.webadmin.web.product.controller.ProductSkuController.toProductSkuDetail(java.lang.String,org.springframework.ui.Model)
2018-04-26 11:10:20,100 [restartedMain] INFO  o.s.w.s.m.m.a.RequestMappingHandlerMapping:548 - Mapped "{[/product/productSku/list.html]}" onto public java.lang.String com.liaojun.webadmin.web.product.controller.ProductSkuController.toProductList()
2018-04-26 11:10:20,101 [restartedMain] INFO  o.s.w.s.m.m.a.RequestMappingHandlerMapping:548 - Mapped "{[/product/productSku/search.html]}" onto public java.lang.String com.liaojun.webadmin.web.product.controller.ProductSkuController.toSearch()
2018-04-26 11:10:20,101 [restartedMain] INFO  o.s.w.s.m.m.a.RequestMappingHandlerMapping:548 - Mapped "{[/product/productSku/list]}" onto public java.lang.String com.liaojun.webadmin.web.product.controller.ProductSkuController.productSkuList(com.liaojun.component.web.model.ApiQueryRequest)
2018-04-26 11:10:20,104 [restartedMain] INFO  o.s.w.s.m.m.a.RequestMappingHandlerMapping:548 - Mapped "{[/product/productType/list.html]}" onto public java.lang.String com.liaojun.webadmin.web.product.controller.ProductTypeController.toProductTypeList()
2018-04-26 11:10:20,104 [restartedMain] INFO  o.s.w.s.m.m.a.RequestMappingHandlerMapping:548 - Mapped "{[/product/productType/detail.html]}" onto public java.lang.String com.liaojun.webadmin.web.product.controller.ProductTypeController.productTypeDetail(java.lang.String,org.springframework.ui.Model)
2018-04-26 11:10:20,104 [restartedMain] INFO  o.s.w.s.m.m.a.RequestMappingHandlerMapping:548 - Mapped "{[/product/productType/tree]}" onto public com.liaojun.webadmin.web.product.model.ProductTypeTree com.liaojun.webadmin.web.product.controller.ProductTypeController.productTypeTree()
2018-04-26 11:10:20,105 [restartedMain] INFO  o.s.w.s.m.m.a.RequestMappingHandlerMapping:548 - Mapped "{[/product/productType/list]}" onto public java.lang.String com.liaojun.webadmin.web.product.controller.ProductTypeController.productTypeList(com.liaojun.component.web.model.ApiQueryRequest)
2018-04-26 11:10:20,105 [restartedMain] INFO  o.s.w.s.m.m.a.RequestMappingHandlerMapping:548 - Mapped "{[/product/productType/delete]}" onto public com.liaojun.component.base.common.model.Result com.liaojun.webadmin.web.product.controller.ProductTypeController.vendorDelete(com.liaojun.component.web.model.ApiRequest)
2018-04-26 11:10:20,106 [restartedMain] INFO  o.s.w.s.m.m.a.RequestMappingHandlerMapping:548 - Mapped "{[/product/productType/update]}" onto public com.liaojun.component.base.common.model.Result com.liaojun.webadmin.web.product.controller.ProductTypeController.vendorUpdate(com.liaojun.component.web.model.ApiRequest)
2018-04-26 11:10:20,109 [restartedMain] INFO  o.s.w.s.m.m.a.RequestMappingHandlerMapping:548 - Mapped "{[/product/vendor/delete]}" onto public com.liaojun.component.base.common.model.Result com.liaojun.webadmin.web.product.controller.VendorController.vendorDelete(com.liaojun.component.web.model.ApiRequest)
2018-04-26 11:10:20,110 [restartedMain] INFO  o.s.w.s.m.m.a.RequestMappingHandlerMapping:548 - Mapped "{[/product/vendor/list]}" onto public java.lang.String com.liaojun.webadmin.web.product.controller.VendorController.vendorList(com.liaojun.component.web.model.ApiQueryRequest)
2018-04-26 11:10:20,110 [restartedMain] INFO  o.s.w.s.m.m.a.RequestMappingHandlerMapping:548 - Mapped "{[/product/vendor/update]}" onto public com.liaojun.component.base.common.model.Result com.liaojun.webadmin.web.product.controller.VendorController.vendorUpdate(com.liaojun.component.web.model.ApiRequest)
2018-04-26 11:10:20,110 [restartedMain] INFO  o.s.w.s.m.m.a.RequestMappingHandlerMapping:548 - Mapped "{[/product/vendor/list.html]}" onto public java.lang.String com.liaojun.webadmin.web.product.controller.VendorController.toVendorList()
2018-04-26 11:10:20,111 [restartedMain] INFO  o.s.w.s.m.m.a.RequestMappingHandlerMapping:548 - Mapped "{[/product/vendor/detail.html]}" onto public java.lang.String com.liaojun.webadmin.web.product.controller.VendorController.vendorDetail(java.lang.String,org.springframework.ui.Model)
2018-04-26 11:10:20,112 [restartedMain] INFO  o.s.w.s.m.m.a.RequestMappingHandlerMapping:548 - Mapped "{[/stock/invIn/update]}" onto public com.liaojun.component.base.common.model.Result com.liaojun.webadmin.web.stock.controller.InvInController.update(com.liaojun.component.web.model.ApiRequest)
2018-04-26 11:10:20,113 [restartedMain] INFO  o.s.w.s.m.m.a.RequestMappingHandlerMapping:548 - Mapped "{[/stock/invIn/delete]}" onto public com.liaojun.component.base.common.model.Result com.liaojun.webadmin.web.stock.controller.InvInController.delete(com.liaojun.component.web.model.ApiRequest)
2018-04-26 11:10:20,113 [restartedMain] INFO  o.s.w.s.m.m.a.RequestMappingHandlerMapping:548 - Mapped "{[/stock/invIn/detail]}" onto public java.lang.String com.liaojun.webadmin.web.stock.controller.InvInController.detail(com.liaojun.component.web.model.ApiRequest)
2018-04-26 11:10:20,114 [restartedMain] INFO  o.s.w.s.m.m.a.RequestMappingHandlerMapping:548 - Mapped "{[/stock/invIn/list]}" onto public java.lang.String com.liaojun.webadmin.web.stock.controller.InvInController.invInList(com.liaojun.component.web.model.ApiQueryRequest)
2018-04-26 11:10:20,114 [restartedMain] INFO  o.s.w.s.m.m.a.RequestMappingHandlerMapping:548 - Mapped "{[/stock/invIn/list.html]}" onto public java.lang.String com.liaojun.webadmin.web.stock.controller.InvInController.toInvInList(org.springframework.ui.Model)
2018-04-26 11:10:20,114 [restartedMain] INFO  o.s.w.s.m.m.a.RequestMappingHandlerMapping:548 - Mapped "{[/stock/invIn/detail.html]}" onto public java.lang.String com.liaojun.webadmin.web.stock.controller.InvInController.toDetail(java.lang.String,java.lang.String,org.springframework.ui.Model)
2018-04-26 11:10:20,114 [restartedMain] INFO  o.s.w.s.m.m.a.RequestMappingHandlerMapping:548 - Mapped "{[/stock/invIn/wareHousing]}" onto public com.liaojun.component.base.common.model.Result com.liaojun.webadmin.web.stock.controller.InvInController.warehousing(com.liaojun.component.web.model.ApiRequest)
2018-04-26 11:10:20,119 [restartedMain] INFO  o.s.w.s.m.m.a.RequestMappingHandlerMapping:548 - Mapped "{[/error]}" onto public org.springframework.http.ResponseEntity<java.util.Map<java.lang.String, java.lang.Object>> org.springframework.boot.autoconfigure.web.servlet.error.BasicErrorController.error(javax.servlet.http.HttpServletRequest)
2018-04-26 11:10:20,120 [restartedMain] INFO  o.s.w.s.m.m.a.RequestMappingHandlerMapping:548 - Mapped "{[/error],produces=[text/html]}" onto public org.springframework.web.servlet.ModelAndView org.springframework.boot.autoconfigure.web.servlet.error.BasicErrorController.errorHtml(javax.servlet.http.HttpServletRequest,javax.servlet.http.HttpServletResponse)
2018-04-26 11:10:20,224 [restartedMain] INFO  o.s.web.servlet.handler.SimpleUrlHandlerMapping:373 - Mapped URL path [/webjars/**] onto handler of type [class org.springframework.web.servlet.resource.ResourceHttpRequestHandler]
2018-04-26 11:10:20,225 [restartedMain] INFO  o.s.web.servlet.handler.SimpleUrlHandlerMapping:373 - Mapped URL path [/**] onto handler of type [class org.springframework.web.servlet.resource.ResourceHttpRequestHandler]
2018-04-26 11:10:20,350 [restartedMain] INFO  o.s.web.servlet.handler.SimpleUrlHandlerMapping:373 - Mapped URL path [/**/favicon.ico] onto handler of type [class org.springframework.web.servlet.resource.ResourceHttpRequestHandler]
2018-04-26 11:10:20,613 [restartedMain] INFO  o.s.b.a.web.servlet.WelcomePageHandlerMapping:61 - Adding welcome page template: index
2018-04-26 11:10:21,913 [restartedMain] INFO  o.s.b.d.autoconfigure.OptionalLiveReloadServer:57 - LiveReload server is running on port 35729
2018-04-26 11:10:22,907 [restartedMain] INFO  o.s.jmx.export.annotation.AnnotationMBeanExporter:434 - Registering beans for JMX exposure on startup
2018-04-26 11:10:22,909 [restartedMain] INFO  o.s.jmx.export.annotation.AnnotationMBeanExporter:896 - Bean with name 'dataSource' has been autodetected for JMX exposure
2018-04-26 11:10:22,916 [restartedMain] INFO  o.s.jmx.export.annotation.AnnotationMBeanExporter:669 - Located MBean 'dataSource': registering with JMX server as MBean [com.zaxxer.hikari:name=dataSource,type=HikariDataSource]
2018-04-26 11:10:22,935 [restartedMain] INFO  org.apache.coyote.http11.Http11NioProtocol:180 - Starting ProtocolHandler ["http-nio-80"]
2018-04-26 11:10:22,947 [restartedMain] INFO  org.apache.tomcat.util.net.NioSelectorPool:180 - Using a shared selector for servlet write/read
2018-04-26 11:10:22,980 [restartedMain] INFO  o.s.boot.web.embedded.tomcat.TomcatWebServer:205 - Tomcat started on port(s): 80 (http) with context path ''
2018-04-26 11:10:22,987 [restartedMain] INFO  com.liaojun.webadmin.WebAppApplication:59 - Started WebAppApplication in 12.89 seconds (JVM running for 15.839)
2018-04-26 11:10:52,977 [http-nio-80-exec-1] INFO  o.a.c.core.ContainerBase.[Tomcat].[localhost].[/]:180 - Initializing Spring FrameworkServlet 'dispatcherServlet'
2018-04-26 11:10:52,978 [http-nio-80-exec-1] INFO  org.springframework.web.servlet.DispatcherServlet:494 - FrameworkServlet 'dispatcherServlet': initialization started
2018-04-26 11:10:53,028 [http-nio-80-exec-1] INFO  org.springframework.web.servlet.DispatcherServlet:513 - FrameworkServlet 'dispatcherServlet': initialization completed in 50 ms
2018-04-26 11:10:53,110 [http-nio-80-exec-1] INFO  com.zaxxer.hikari.HikariDataSource:110 - HikariPool-1 - Starting...
2018-04-26 11:10:53,329 [http-nio-80-exec-1] INFO  com.zaxxer.hikari.HikariDataSource:123 - HikariPool-1 - Start completed.
2018-04-26 11:16:25,679 [Thread-33] INFO  o.s.b.w.s.c.AnnotationConfigServletWebServerApplicationContext:989 - Closing org.springframework.boot.web.servlet.context.AnnotationConfigServletWebServerApplicationContext@2bad813c: startup date [Thu Apr 26 11:10:11 CST 2018]; root of context hierarchy
2018-04-26 11:16:25,689 [Thread-33] INFO  o.s.jmx.export.annotation.AnnotationMBeanExporter:452 - Unregistering JMX-exposed beans on shutdown
2018-04-26 11:16:25,693 [Thread-33] INFO  o.s.jmx.export.annotation.AnnotationMBeanExporter:183 - Unregistering JMX-exposed beans
2018-04-26 11:16:25,695 [Thread-33] INFO  com.zaxxer.hikari.HikariDataSource:381 - HikariPool-1 - Shutdown initiated...
2018-04-26 11:16:25,730 [Thread-33] INFO  com.zaxxer.hikari.HikariDataSource:383 - HikariPool-1 - Shutdown completed.
2018-04-26 11:16:53,662 [restartedMain] INFO  com.liaojun.webadmin.WebAppApplication:50 - Starting WebAppApplication on LAPTOP-EJ0J9VCA with PID 17444 (C:\Users\liaowwsh\Documents\GitHub\yingfu\webadmin\target\classes started by liaowwsh in C:\Users\liaowwsh\Documents\GitHub\yingfu)
2018-04-26 11:16:53,673 [restartedMain] INFO  com.liaojun.webadmin.WebAppApplication:652 - No active profile set, falling back to default profiles: default
2018-04-26 11:16:53,798 [restartedMain] INFO  o.s.b.w.s.c.AnnotationConfigServletWebServerApplicationContext:589 - Refreshing org.springframework.boot.web.servlet.context.AnnotationConfigServletWebServerApplicationContext@6cab99f8: startup date [Thu Apr 26 11:16:53 CST 2018]; root of context hierarchy
2018-04-26 11:17:00,078 [restartedMain] INFO  o.s.c.s.PostProcessorRegistrationDelegate$BeanPostProcessorChecker:328 - Bean 'org.springframework.transaction.annotation.ProxyTransactionManagementConfiguration' of type [org.springframework.transaction.annotation.ProxyTransactionManagementConfiguration$$EnhancerBySpringCGLIB$$a7e68019] is not eligible for getting processed by all BeanPostProcessors (for example: not eligible for auto-proxying)
2018-04-26 11:17:01,752 [restartedMain] INFO  o.s.boot.web.embedded.tomcat.TomcatWebServer:91 - Tomcat initialized with port(s): 80 (http)
2018-04-26 11:17:01,799 [restartedMain] INFO  org.apache.coyote.http11.Http11NioProtocol:180 - Initializing ProtocolHandler ["http-nio-80"]
2018-04-26 11:17:01,867 [restartedMain] INFO  org.apache.catalina.core.StandardService:180 - Starting service [Tomcat]
2018-04-26 11:17:01,868 [restartedMain] INFO  org.apache.catalina.core.StandardEngine:180 - Starting Servlet Engine: Apache Tomcat/8.5.28
2018-04-26 11:17:01,881 [localhost-startStop-1] INFO  org.apache.catalina.core.AprLifecycleListener:180 - The APR based Apache Tomcat Native library which allows optimal performance in production environments was not found on the java.library.path: [C:\Program Files\Java\jdk1.8.0_161\bin;C:\Windows\Sun\Java\bin;C:\Windows\system32;C:\Windows;C:\app\liaowwsh\product\11.2.0\dbhome_1\bin;C:\ProgramData\Oracle\Java\javapath;C:\Program Files (x86)\Intel\iCLS Client\;C:\Program Files\Intel\iCLS Client\;C:\Windows\system32;C:\Windows;C:\Windows\System32\Wbem;C:\Windows\System32\WindowsPowerShell\v1.0\;C:\Program Files\Intel\WiFi\bin\;C:\Program Files\Common Files\Intel\WirelessCommon\;C:\Program Files (x86)\Intel\Intel(R) Management Engine Components\DAL;C:\Program Files\Intel\Intel(R) Management Engine Components\DAL;C:\Program Files (x86)\Intel\Intel(R) Management Engine Components\IPT;C:\Program Files\Intel\Intel(R) Management Engine Components\IPT;C:\Program Files\MySQL\MySQL Server 5.7\bin;C:\Program Files\Git\cmd;C:\Program Files\Git\mingw64\bin;C:\Program Files\Git\usr\bin;C:\Users\liaowwsh\AppData\Local\Microsoft\WindowsApps;C:\Users\liaowwsh\AppData\Local\GitHubDesktop\bin;.]
2018-04-26 11:17:02,306 [localhost-startStop-1] INFO  o.a.c.core.ContainerBase.[Tomcat].[localhost].[/]:180 - Initializing Spring embedded WebApplicationContext
2018-04-26 11:17:02,307 [localhost-startStop-1] INFO  org.springframework.web.context.ContextLoader:285 - Root WebApplicationContext: initialization completed in 8508 ms
2018-04-26 11:17:03,037 [localhost-startStop-1] INFO  o.s.boot.web.servlet.ServletRegistrationBean:185 - Servlet dispatcherServlet mapped to [/]
2018-04-26 11:17:03,132 [localhost-startStop-1] INFO  o.s.boot.web.servlet.FilterRegistrationBean:243 - Mapping filter: 'characterEncodingFilter' to: [/*]
2018-04-26 11:17:03,133 [localhost-startStop-1] INFO  o.s.boot.web.servlet.FilterRegistrationBean:243 - Mapping filter: 'hiddenHttpMethodFilter' to: [/*]
2018-04-26 11:17:03,133 [localhost-startStop-1] INFO  o.s.boot.web.servlet.FilterRegistrationBean:243 - Mapping filter: 'httpPutFormContentFilter' to: [/*]
2018-04-26 11:17:03,133 [localhost-startStop-1] INFO  o.s.boot.web.servlet.FilterRegistrationBean:243 - Mapping filter: 'requestContextFilter' to: [/*]
2018-04-26 11:17:06,961 [restartedMain] INFO  o.s.w.s.m.m.a.RequestMappingHandlerAdapter:567 - Looking for @ControllerAdvice: org.springframework.boot.web.servlet.context.AnnotationConfigServletWebServerApplicationContext@6cab99f8: startup date [Thu Apr 26 11:16:53 CST 2018]; root of context hierarchy
2018-04-26 11:17:07,123 [restartedMain] INFO  o.s.w.s.m.m.a.RequestMappingHandlerMapping:548 - Mapped "{[/customer/customer/list]}" onto public java.lang.String com.liaojun.webadmin.web.customer.controller.CustomerContrller.productSkuList(com.liaojun.component.web.model.ApiQueryRequest)
2018-04-26 11:17:07,125 [restartedMain] INFO  o.s.w.s.m.m.a.RequestMappingHandlerMapping:548 - Mapped "{[/customer/customer/list.html]}" onto public java.lang.String com.liaojun.webadmin.web.customer.controller.CustomerContrller.tocustomerList()
2018-04-26 11:17:07,126 [restartedMain] INFO  o.s.w.s.m.m.a.RequestMappingHandlerMapping:548 - Mapped "{[/]}" onto public java.lang.String com.liaojun.webadmin.web.index.controller.IndexController.index(org.springframework.ui.Model)
2018-04-26 11:17:07,127 [restartedMain] INFO  o.s.w.s.m.m.a.RequestMappingHandlerMapping:548 - Mapped "{[/main.html]}" onto public java.lang.String com.liaojun.webadmin.web.index.controller.IndexController.main(org.springframework.ui.Model)
2018-04-26 11:17:07,129 [restartedMain] INFO  o.s.w.s.m.m.a.RequestMappingHandlerMapping:548 - Mapped "{[/product/productSku/update]}" onto public com.liaojun.component.base.common.model.Result com.liaojun.webadmin.web.product.controller.ProductSkuController.update(com.liaojun.component.web.model.ApiRequest)
2018-04-26 11:17:07,130 [restartedMain] INFO  o.s.w.s.m.m.a.RequestMappingHandlerMapping:548 - Mapped "{[/product/productSku/delete]}" onto public com.liaojun.component.base.common.model.Result com.liaojun.webadmin.web.product.controller.ProductSkuController.delete(com.liaojun.component.web.model.ApiRequest)
2018-04-26 11:17:07,130 [restartedMain] INFO  o.s.w.s.m.m.a.RequestMappingHandlerMapping:548 - Mapped "{[/product/productSku/detail.html]}" onto public java.lang.String com.liaojun.webadmin.web.product.controller.ProductSkuController.toProductSkuDetail(java.lang.String,org.springframework.ui.Model)
2018-04-26 11:17:07,130 [restartedMain] INFO  o.s.w.s.m.m.a.RequestMappingHandlerMapping:548 - Mapped "{[/product/productSku/list]}" onto public java.lang.String com.liaojun.webadmin.web.product.controller.ProductSkuController.productSkuList(com.liaojun.component.web.model.ApiQueryRequest)
2018-04-26 11:17:07,131 [restartedMain] INFO  o.s.w.s.m.m.a.RequestMappingHandlerMapping:548 - Mapped "{[/product/productSku/search.html]}" onto public java.lang.String com.liaojun.webadmin.web.product.controller.ProductSkuController.toSearch()
2018-04-26 11:17:07,131 [restartedMain] INFO  o.s.w.s.m.m.a.RequestMappingHandlerMapping:548 - Mapped "{[/product/productSku/list.html]}" onto public java.lang.String com.liaojun.webadmin.web.product.controller.ProductSkuController.toProductList()
2018-04-26 11:17:07,136 [restartedMain] INFO  o.s.w.s.m.m.a.RequestMappingHandlerMapping:548 - Mapped "{[/product/productType/tree]}" onto public com.liaojun.webadmin.web.product.model.ProductTypeTree com.liaojun.webadmin.web.product.controller.ProductTypeController.productTypeTree()
2018-04-26 11:17:07,136 [restartedMain] INFO  o.s.w.s.m.m.a.RequestMappingHandlerMapping:548 - Mapped "{[/product/productType/delete]}" onto public com.liaojun.component.base.common.model.Result com.liaojun.webadmin.web.product.controller.ProductTypeController.vendorDelete(com.liaojun.component.web.model.ApiRequest)
2018-04-26 11:17:07,137 [restartedMain] INFO  o.s.w.s.m.m.a.RequestMappingHandlerMapping:548 - Mapped "{[/product/productType/list]}" onto public java.lang.String com.liaojun.webadmin.web.product.controller.ProductTypeController.productTypeList(com.liaojun.component.web.model.ApiQueryRequest)
2018-04-26 11:17:07,138 [restartedMain] INFO  o.s.w.s.m.m.a.RequestMappingHandlerMapping:548 - Mapped "{[/product/productType/detail.html]}" onto public java.lang.String com.liaojun.webadmin.web.product.controller.ProductTypeController.productTypeDetail(java.lang.String,org.springframework.ui.Model)
2018-04-26 11:17:07,138 [restartedMain] INFO  o.s.w.s.m.m.a.RequestMappingHandlerMapping:548 - Mapped "{[/product/productType/list.html]}" onto public java.lang.String com.liaojun.webadmin.web.product.controller.ProductTypeController.toProductTypeList()
2018-04-26 11:17:07,139 [restartedMain] INFO  o.s.w.s.m.m.a.RequestMappingHandlerMapping:548 - Mapped "{[/product/productType/update]}" onto public com.liaojun.component.base.common.model.Result com.liaojun.webadmin.web.product.controller.ProductTypeController.vendorUpdate(com.liaojun.component.web.model.ApiRequest)
2018-04-26 11:17:07,143 [restartedMain] INFO  o.s.w.s.m.m.a.RequestMappingHandlerMapping:548 - Mapped "{[/product/vendor/delete]}" onto public com.liaojun.component.base.common.model.Result com.liaojun.webadmin.web.product.controller.VendorController.vendorDelete(com.liaojun.component.web.model.ApiRequest)
2018-04-26 11:17:07,143 [restartedMain] INFO  o.s.w.s.m.m.a.RequestMappingHandlerMapping:548 - Mapped "{[/product/vendor/detail.html]}" onto public java.lang.String com.liaojun.webadmin.web.product.controller.VendorController.vendorDetail(java.lang.String,org.springframework.ui.Model)
2018-04-26 11:17:07,144 [restartedMain] INFO  o.s.w.s.m.m.a.RequestMappingHandlerMapping:548 - Mapped "{[/product/vendor/update]}" onto public com.liaojun.component.base.common.model.Result com.liaojun.webadmin.web.product.controller.VendorController.vendorUpdate(com.liaojun.component.web.model.ApiRequest)
2018-04-26 11:17:07,144 [restartedMain] INFO  o.s.w.s.m.m.a.RequestMappingHandlerMapping:548 - Mapped "{[/product/vendor/list.html]}" onto public java.lang.String com.liaojun.webadmin.web.product.controller.VendorController.toVendorList()
2018-04-26 11:17:07,145 [restartedMain] INFO  o.s.w.s.m.m.a.RequestMappingHandlerMapping:548 - Mapped "{[/product/vendor/list]}" onto public java.lang.String com.liaojun.webadmin.web.product.controller.VendorController.vendorList(com.liaojun.component.web.model.ApiQueryRequest)
2018-04-26 11:17:07,147 [restartedMain] INFO  o.s.w.s.m.m.a.RequestMappingHandlerMapping:548 - Mapped "{[/stock/invIn/update]}" onto public com.liaojun.component.base.common.model.Result com.liaojun.webadmin.web.stock.controller.InvInController.update(com.liaojun.component.web.model.ApiRequest)
2018-04-26 11:17:07,148 [restartedMain] INFO  o.s.w.s.m.m.a.RequestMappingHandlerMapping:548 - Mapped "{[/stock/invIn/delete]}" onto public com.liaojun.component.base.common.model.Result com.liaojun.webadmin.web.stock.controller.InvInController.delete(com.liaojun.component.web.model.ApiRequest)
2018-04-26 11:17:07,148 [restartedMain] INFO  o.s.w.s.m.m.a.RequestMappingHandlerMapping:548 - Mapped "{[/stock/invIn/detail]}" onto public java.lang.String com.liaojun.webadmin.web.stock.controller.InvInController.detail(com.liaojun.component.web.model.ApiRequest)
2018-04-26 11:17:07,148 [restartedMain] INFO  o.s.w.s.m.m.a.RequestMappingHandlerMapping:548 - Mapped "{[/stock/invIn/list]}" onto public java.lang.String com.liaojun.webadmin.web.stock.controller.InvInController.invInList(com.liaojun.component.web.model.ApiQueryRequest)
2018-04-26 11:17:07,149 [restartedMain] INFO  o.s.w.s.m.m.a.RequestMappingHandlerMapping:548 - Mapped "{[/stock/invIn/list.html]}" onto public java.lang.String com.liaojun.webadmin.web.stock.controller.InvInController.toInvInList(org.springframework.ui.Model)
2018-04-26 11:17:07,149 [restartedMain] INFO  o.s.w.s.m.m.a.RequestMappingHandlerMapping:548 - Mapped "{[/stock/invIn/detail.html]}" onto public java.lang.String com.liaojun.webadmin.web.stock.controller.InvInController.toDetail(java.lang.String,java.lang.String,org.springframework.ui.Model)
2018-04-26 11:17:07,150 [restartedMain] INFO  o.s.w.s.m.m.a.RequestMappingHandlerMapping:548 - Mapped "{[/stock/invIn/wareHousing]}" onto public com.liaojun.component.base.common.model.Result com.liaojun.webadmin.web.stock.controller.InvInController.warehousing(com.liaojun.component.web.model.ApiRequest)
2018-04-26 11:17:07,156 [restartedMain] INFO  o.s.w.s.m.m.a.RequestMappingHandlerMapping:548 - Mapped "{[/error]}" onto public org.springframework.http.ResponseEntity<java.util.Map<java.lang.String, java.lang.Object>> org.springframework.boot.autoconfigure.web.servlet.error.BasicErrorController.error(javax.servlet.http.HttpServletRequest)
2018-04-26 11:17:07,157 [restartedMain] INFO  o.s.w.s.m.m.a.RequestMappingHandlerMapping:548 - Mapped "{[/error],produces=[text/html]}" onto public org.springframework.web.servlet.ModelAndView org.springframework.boot.autoconfigure.web.servlet.error.BasicErrorController.errorHtml(javax.servlet.http.HttpServletRequest,javax.servlet.http.HttpServletResponse)
2018-04-26 11:17:07,284 [restartedMain] INFO  o.s.web.servlet.handler.SimpleUrlHandlerMapping:373 - Mapped URL path [/webjars/**] onto handler of type [class org.springframework.web.servlet.resource.ResourceHttpRequestHandler]
2018-04-26 11:17:07,285 [restartedMain] INFO  o.s.web.servlet.handler.SimpleUrlHandlerMapping:373 - Mapped URL path [/**] onto handler of type [class org.springframework.web.servlet.resource.ResourceHttpRequestHandler]
2018-04-26 11:17:07,405 [restartedMain] INFO  o.s.web.servlet.handler.SimpleUrlHandlerMapping:373 - Mapped URL path [/**/favicon.ico] onto handler of type [class org.springframework.web.servlet.resource.ResourceHttpRequestHandler]
2018-04-26 11:17:07,693 [restartedMain] INFO  o.s.b.a.web.servlet.WelcomePageHandlerMapping:61 - Adding welcome page template: index
2018-04-26 11:17:08,774 [restartedMain] INFO  o.s.b.d.autoconfigure.OptionalLiveReloadServer:57 - LiveReload server is running on port 35729
2018-04-26 11:17:10,050 [restartedMain] INFO  o.s.jmx.export.annotation.AnnotationMBeanExporter:434 - Registering beans for JMX exposure on startup
2018-04-26 11:17:10,052 [restartedMain] INFO  o.s.jmx.export.annotation.AnnotationMBeanExporter:896 - Bean with name 'dataSource' has been autodetected for JMX exposure
2018-04-26 11:17:10,062 [restartedMain] INFO  o.s.jmx.export.annotation.AnnotationMBeanExporter:669 - Located MBean 'dataSource': registering with JMX server as MBean [com.zaxxer.hikari:name=dataSource,type=HikariDataSource]
2018-04-26 11:17:10,083 [restartedMain] INFO  org.apache.coyote.http11.Http11NioProtocol:180 - Starting ProtocolHandler ["http-nio-80"]
2018-04-26 11:17:10,096 [restartedMain] INFO  org.apache.tomcat.util.net.NioSelectorPool:180 - Using a shared selector for servlet write/read
2018-04-26 11:17:10,134 [restartedMain] INFO  o.s.boot.web.embedded.tomcat.TomcatWebServer:205 - Tomcat started on port(s): 80 (http) with context path ''
2018-04-26 11:17:10,141 [restartedMain] INFO  com.liaojun.webadmin.WebAppApplication:59 - Started WebAppApplication in 17.418 seconds (JVM running for 20.408)
2018-04-26 11:17:28,059 [http-nio-80-exec-1] INFO  o.a.c.core.ContainerBase.[Tomcat].[localhost].[/]:180 - Initializing Spring FrameworkServlet 'dispatcherServlet'
2018-04-26 11:17:28,059 [http-nio-80-exec-1] INFO  org.springframework.web.servlet.DispatcherServlet:494 - FrameworkServlet 'dispatcherServlet': initialization started
2018-04-26 11:17:28,146 [http-nio-80-exec-1] INFO  org.springframework.web.servlet.DispatcherServlet:513 - FrameworkServlet 'dispatcherServlet': initialization completed in 87 ms
2018-04-26 11:17:28,259 [http-nio-80-exec-1] INFO  com.zaxxer.hikari.HikariDataSource:110 - HikariPool-1 - Starting...
2018-04-26 11:17:28,589 [http-nio-80-exec-1] INFO  com.zaxxer.hikari.HikariDataSource:123 - HikariPool-1 - Start completed.
